==17237== Memcheck, a memory error detector
==17237== Copyright (C) 2002-2022, and GNU GPL'd, by Julian Seward et al.
==17237== Using Valgrind-3.22.0 and LibVEX; rerun with -h for copyright info
==17237== Command: ./minishell
==17237== Parent PID: 5590
==17237== 
==17240== 
==17240== HEAP SUMMARY:
==17240==     in use at exit: 233,024 bytes in 244 blocks
==17240==   total heap usage: 588 allocs, 344 frees, 259,866 bytes allocated
==17240== 
==17240== 3 bytes in 1 blocks are still reachable in loss record 1 of 84
==17240==    at 0x4846828: malloc (in /usr/libexec/valgrind/vgpreload_memcheck-amd64-linux.so)
==17240==    by 0x110C4C: ft_strdup (in /home/umbra/Documents/42/Minishell_42/minishell)
==17240==    by 0x10EFAC: add_opt_request (Parsing_tree_tool_1.c:46)
==17240==    by 0x10EB9A: fill_request (parsing_tree.c:59)
==17240==    by 0x10EE51: parsing_tree (parsing_tree.c:85)
==17240==    by 0x10E839: parsing (Parsing.c:104)
==17240==    by 0x109D1C: main (main.c:128)
==17240== 
==17240== 5 bytes in 1 blocks are still reachable in loss record 2 of 84
==17240==    at 0x4846828: malloc (in /usr/libexec/valgrind/vgpreload_memcheck-amd64-linux.so)
==17240==    by 0x110C4C: ft_strdup (in /home/umbra/Documents/42/Minishell_42/minishell)
==17240==    by 0x10EEB2: add_command (Parsing_tree_tool_1.c:19)
==17240==    by 0x10EB18: fill_request (parsing_tree.c:55)
==17240==    by 0x10EE51: parsing_tree (parsing_tree.c:85)
==17240==    by 0x10E839: parsing (Parsing.c:104)
==17240==    by 0x109D1C: main (main.c:128)
==17240== 
==17240== 8 bytes in 1 blocks are still reachable in loss record 5 of 84
==17240==    at 0x4846828: malloc (in /usr/libexec/valgrind/vgpreload_memcheck-amd64-linux.so)
==17240==    by 0x110C4C: ft_strdup (in /home/umbra/Documents/42/Minishell_42/minishell)
==17240==    by 0x10E072: add_arg_request (fill_parsing_tree.c:39)
==17240==    by 0x10EC47: fill_request (parsing_tree.c:62)
==17240==    by 0x10EE51: parsing_tree (parsing_tree.c:85)
==17240==    by 0x10E839: parsing (Parsing.c:104)
==17240==    by 0x109D1C: main (main.c:128)
==17240== 
==17240== 16 bytes in 1 blocks are still reachable in loss record 19 of 84
==17240==    at 0x4846828: malloc (in /usr/libexec/valgrind/vgpreload_memcheck-amd64-linux.so)
==17240==    by 0x110830: ft_calloc (in /home/umbra/Documents/42/Minishell_42/minishell)
==17240==    by 0x10EF6A: add_opt_request (Parsing_tree_tool_1.c:41)
==17240==    by 0x10EB9A: fill_request (parsing_tree.c:59)
==17240==    by 0x10EE51: parsing_tree (parsing_tree.c:85)
==17240==    by 0x10E839: parsing (Parsing.c:104)
==17240==    by 0x109D1C: main (main.c:128)
==17240== 
==17240== 24 bytes in 1 blocks are still reachable in loss record 24 of 84
==17240==    at 0x4846828: malloc (in /usr/libexec/valgrind/vgpreload_memcheck-amd64-linux.so)
==17240==    by 0x110830: ft_calloc (in /home/umbra/Documents/42/Minishell_42/minishell)
==17240==    by 0x10DF8E: add_arg_request (fill_parsing_tree.c:33)
==17240==    by 0x10EC47: fill_request (parsing_tree.c:62)
==17240==    by 0x10EE51: parsing_tree (parsing_tree.c:85)
==17240==    by 0x10E839: parsing (Parsing.c:104)
==17240==    by 0x109D1C: main (main.c:128)
==17240== 
==17240== 88 bytes in 1 blocks are still reachable in loss record 29 of 84
==17240==    at 0x4846828: malloc (in /usr/libexec/valgrind/vgpreload_memcheck-amd64-linux.so)
==17240==    by 0x110830: ft_calloc (in /home/umbra/Documents/42/Minishell_42/minishell)
==17240==    by 0x10EE04: parsing_tree (parsing_tree.c:80)
==17240==    by 0x10E839: parsing (Parsing.c:104)
==17240==    by 0x109D1C: main (main.c:128)
==17240== 
==17240== LEAK SUMMARY:
==17240==    definitely lost: 0 bytes in 0 blocks
==17240==    indirectly lost: 0 bytes in 0 blocks
==17240==      possibly lost: 0 bytes in 0 blocks
==17240==    still reachable: 144 bytes in 6 blocks
==17240==         suppressed: 232,880 bytes in 238 blocks
==17240== 
==17240== For lists of detected and suppressed errors, rerun with: -s
==17240== ERROR SUMMARY: 0 errors from 0 contexts (suppressed: 0 from 0)
==17237== 
==17237== HEAP SUMMARY:
==17237==     in use at exit: 232,812 bytes in 234 blocks
==17237==   total heap usage: 565 allocs, 331 frees, 259,548 bytes allocated
==17237== 
==17237== LEAK SUMMARY:
==17237==    definitely lost: 0 bytes in 0 blocks
==17237==    indirectly lost: 0 bytes in 0 blocks
==17237==      possibly lost: 0 bytes in 0 blocks
==17237==    still reachable: 0 bytes in 0 blocks
==17237==         suppressed: 232,812 bytes in 234 blocks
==17237== 
==17237== For lists of detected and suppressed errors, rerun with: -s
==17237== ERROR SUMMARY: 0 errors from 0 contexts (suppressed: 0 from 0)
